[01m[K/home/omartinez/gsoc2023-jderobot/ros2_challenge/src/patrolling_example/src/patrolling_example/Location.cpp:[m[K In constructor â€˜[01m[Kpatrolling_example::Location::Location(const string&, const BT::NodeConfiguration&)[m[Kâ€™:
[01m[K/home/omartinez/gsoc2023-jderobot/ros2_challenge/src/patrolling_example/src/patrolling_example/Location.cpp:39:3:[m[K [01;31m[Kerror: [m[Kâ€˜[01m[Kvel_pub_[m[Kâ€™ was not declared in this scope
   39 |   [01;31m[Kvel_pub_[m[K = node_->create_publisher<geometry_msgs::msg::Twist>("/output_vel", 100);
      |   [01;31m[K^~~~~~~~[m[K
[01m[K/home/omartinez/gsoc2023-jderobot/ros2_challenge/src/patrolling_example/src/patrolling_example/Location.cpp:40:3:[m[K [01;31m[Kerror: [m[Kâ€˜[01m[Ktag_pub_[m[Kâ€™ was not declared in this scope
   40 |   [01;31m[Ktag_pub_[m[K = node_->create_publisher<custom_interfaces::msg::TagInfo>("/tag_info", 100);
      |   [01;31m[K^~~~~~~~[m[K
[01m[K/home/omartinez/gsoc2023-jderobot/ros2_challenge/src/patrolling_example/src/patrolling_example/Location.cpp:40:38:[m[K [01;31m[Kerror: [m[Kâ€˜[01m[Kcustom_interfaces[m[Kâ€™ was not declared in this scope; did you mean â€˜[01m[Kbuiltin_interfaces[m[Kâ€™?
   40 |   tag_pub_ = node_->create_publisher<[01;31m[Kcustom_interfaces[m[K::msg::TagInfo>("/tag_info", 100);
      |                                      [01;31m[K^~~~~~~~~~~~~~~~~[m[K
      |                                      [32m[Kbuiltin_interfaces[m[K
[01m[K/home/omartinez/gsoc2023-jderobot/ros2_challenge/src/patrolling_example/src/patrolling_example/Location.cpp:40:21:[m[K [01;31m[Kerror: [m[Kparse error in template argument list
   40 |   tag_pub_ = node_->[01;31m[Kcreate_publisher<custom_interfaces::msg::TagInfo>[m[K("/tag_info", 100);
      |                     [01;31m[K^~~~~~~~~~~~~~~~~~~~~~~~~~~~~~~~~~~~~~~~~~~~~~~~~[m[K
[01m[K/home/omartinez/gsoc2023-jderobot/ros2_challenge/src/patrolling_example/src/patrolling_example/Location.cpp:40:70:[m[K [01;31m[Kerror: [m[Kno matching function for call to â€˜[01m[Krclcpp::Node::create_publisher<<expression error> >(const char [10], int)[m[Kâ€™
   40 |   tag_pub_ = [01;31m[Knode_->create_publisher<custom_interfaces::msg::TagInfo>("/tag_info", 100)[m[K;
      |              [01;31m[K~~~~~~~~~~~~~~~~~~~~~~~~~~~~~~~~~~~~~~~~~~~~~~~~~~~~~~~~^~~~~~~~~~~~~~~~~~[m[K
In file included from [01m[K/opt/ros/humble/include/rclcpp/rclcpp/node.hpp:1321[m[K,
                 from [01m[K/opt/ros/humble/include/rclcpp/rclcpp/executors/single_threaded_executor.hpp:28[m[K,
                 from [01m[K/opt/ros/humble/include/rclcpp/rclcpp/executors.hpp:22[m[K,
                 from [01m[K/opt/ros/humble/include/rclcpp/rclcpp/rclcpp.hpp:155[m[K,
                 from [01m[K/home/omartinez/gsoc2023-jderobot/ros2_challenge/src/patrolling_example/include/patrolling_example/Location.hpp:27[m[K,
                 from [01m[K/home/omartinez/gsoc2023-jderobot/ros2_challenge/src/patrolling_example/src/patrolling_example/Location.cpp:18[m[K:
[01m[K/opt/ros/humble/include/rclcpp/rclcpp/node_impl.hpp:73:1:[m[K [01;36m[Knote: [m[Kcandidate: â€˜[01m[Ktemplate<class MessageT, class AllocatorT, class PublisherT> std::shared_ptr<PublisherT> rclcpp::Node::create_publisher(const string&, const rclcpp::QoS&, const rclcpp::PublisherOptionsWithAllocator<AllocatorT>&)[m[Kâ€™
   73 | [01;36m[KNode[m[K::create_publisher(
      | [01;36m[K^~~~[m[K
[01m[K/opt/ros/humble/include/rclcpp/rclcpp/node_impl.hpp:73:1:[m[K [01;36m[Knote: [m[K  template argument deduction/substitution failed:
[01m[K/home/omartinez/gsoc2023-jderobot/ros2_challenge/src/patrolling_example/src/patrolling_example/Location.cpp:40:70:[m[K [01;31m[Kerror: [m[Ktemplate argument 1 is invalid
   40 |   tag_pub_ = [01;31m[Knode_->create_publisher<custom_interfaces::msg::TagInfo>("/tag_info", 100)[m[K;
      |              [01;31m[K~~~~~~~~~~~~~~~~~~~~~~~~~~~~~~~~~~~~~~~~~~~~~~~~~~~~~~~~^~~~~~~~~~~~~~~~~~[m[K
[01m[K/home/omartinez/gsoc2023-jderobot/ros2_challenge/src/patrolling_example/src/patrolling_example/Location.cpp:41:3:[m[K [01;31m[Kerror: [m[Kâ€˜[01m[Kloc_sub_[m[Kâ€™ was not declared in this scope
   41 |   [01;31m[Kloc_sub_[m[K = node_->create_subscription<geometry_msgs::msg::PoseWithCovarianceStamped>(
      |   [01;31m[K^~~~~~~~[m[K
[01m[K/home/omartinez/gsoc2023-jderobot/ros2_challenge/src/patrolling_example/src/patrolling_example/Location.cpp:41:61:[m[K [01;31m[Kerror: [m[Kâ€˜[01m[KPoseWithCovarianceStamped[m[Kâ€™ is not a member of â€˜[01m[Kgeometry_msgs::msg[m[Kâ€™
   41 |   loc_sub_ = node_->create_subscription<geometry_msgs::msg::[01;31m[KPoseWithCovarianceStamped[m[K>(
      |                                                             [01;31m[K^~~~~~~~~~~~~~~~~~~~~~~~~[m[K
[01m[K/home/omartinez/gsoc2023-jderobot/ros2_challenge/src/patrolling_example/src/patrolling_example/Location.cpp:43:26:[m[K [01;31m[Kerror: [m[Kâ€˜[01m[Kloc_callback[m[Kâ€™ is not a member of â€˜[01m[Kpatrolling_example::Location[m[Kâ€™
   43 |     std::bind(&Location::[01;31m[Kloc_callback[m[K, this, std::placeholders::_1));
      |                          [01;31m[K^~~~~~~~~~~~[m[K
[01m[K/home/omartinez/gsoc2023-jderobot/ros2_challenge/src/patrolling_example/src/patrolling_example/Location.cpp:45:3:[m[K [01;31m[Kerror: [m[Kâ€˜[01m[Ksrv_client_[m[Kâ€™ was not declared in this scope; did you mean â€˜[01m[Krmw_client_t[m[Kâ€™?
   45 |   [01;31m[Ksrv_client_[m[K = node_->create_client<custom_interfaces::srv::RfidSim>("rfid_sim");
      |   [01;31m[K^~~~~~~~~~~[m[K
      |   [32m[Krmw_client_t[m[K
[01m[K/home/omartinez/gsoc2023-jderobot/ros2_challenge/src/patrolling_example/src/patrolling_example/Location.cpp:45:24:[m[K [01;31m[Kerror: [m[Kparse error in template argument list
   45 |   srv_client_ = node_->[01;31m[Kcreate_client<custom_interfaces::srv::RfidSim>[m[K("rfid_sim");
      |                        [01;31m[K^~~~~~~~~~~~~~~~~~~~~~~~~~~~~~~~~~~~~~~~~~~~~~[m[K
[01m[K/home/omartinez/gsoc2023-jderobot/ros2_challenge/src/patrolling_example/src/patrolling_example/Location.cpp:45:70:[m[K [01;31m[Kerror: [m[Kno matching function for call to â€˜[01m[Krclcpp::Node::create_client<custom_interfaces>(const char [9])[m[Kâ€™
   45 |   srv_client_ = [01;31m[Knode_->create_client<custom_interfaces::srv::RfidSim>("rfid_sim")[m[K;
      |                 [01;31m[K~~~~~~~~~~~~~~~~~~~~~~~~~~~~~~~~~~~~~~~~~~~~~~~~~~~~~^~~~~~~~~~~~[m[K
In file included from [01m[K/opt/ros/humble/include/rclcpp/rclcpp/executors/single_threaded_executor.hpp:28[m[K,
                 from [01m[K/opt/ros/humble/include/rclcpp/rclcpp/executors.hpp:22[m[K,
                 from [01m[K/opt/ros/humble/include/rclcpp/rclcpp/rclcpp.hpp:155[m[K,
                 from [01m[K/home/omartinez/gsoc2023-jderobot/ros2_challenge/src/patrolling_example/include/patrolling_example/Location.hpp:27[m[K,
                 from [01m[K/home/omartinez/gsoc2023-jderobot/ros2_challenge/src/patrolling_example/src/patrolling_example/Location.cpp:18[m[K:
[01m[K/opt/ros/humble/include/rclcpp/rclcpp/node.hpp:252:3:[m[K [01;36m[Knote: [m[Kcandidate: â€˜[01m[Ktemplate<class ServiceT> typename rclcpp::Client<ServiceT>::SharedPtr rclcpp::Node::create_client(const string&, const rmw_qos_profile_t&, rclcpp::CallbackGroup::SharedPtr)[m[Kâ€™
  252 |   [01;36m[Kcreate_client[m[K(
      |   [01;36m[K^~~~~~~~~~~~~[m[K
[01m[K/opt/ros/humble/include/rclcpp/rclcpp/node.hpp:252:3:[m[K [01;36m[Knote: [m[K  template argument deduction/substitution failed:
gmake[2]: *** [CMakeFiles/location_bt_node.dir/build.make:76: CMakeFiles/location_bt_node.dir/src/patrolling_example/Location.cpp.o] Error 1
gmake[1]: *** [CMakeFiles/Makefile2:173: CMakeFiles/location_bt_node.dir/all] Error 2
gmake[1]: *** Waiting for unfinished jobs....
gmake: *** [Makefile:146: all] Error 2
