[0.027s] Invoking command in '/home/omartinez/gsoc2023-jderobot/ros2_challenge/src/build/patrolling_example': CMAKE_PREFIX_PATH=/opt/ros/humble /usr/bin/cmake /home/omartinez/gsoc2023-jderobot/ros2_challenge/src/patrolling_example -DAMENT_CMAKE_SYMLINK_INSTALL=1 -DCMAKE_INSTALL_PREFIX=/home/omartinez/gsoc2023-jderobot/ros2_challenge/src/install/patrolling_example
[0.041s] -- Found ament_cmake: 1.3.3 (/opt/ros/humble/share/ament_cmake/cmake)
[0.245s] -- Override CMake install command with custom implementation using symlinks instead of copying resources
[0.255s] -- Found rclcpp: 16.0.3 (/opt/ros/humble/share/rclcpp/cmake)
[0.305s] -- Found rosidl_generator_c: 3.1.4 (/opt/ros/humble/share/rosidl_generator_c/cmake)
[0.310s] -- Found rosidl_adapter: 3.1.4 (/opt/ros/humble/share/rosidl_adapter/cmake)
[0.319s] -- Found rosidl_generator_cpp: 3.1.4 (/opt/ros/humble/share/rosidl_generator_cpp/cmake)
[0.336s] -- Using all available rosidl_typesupport_c: rosidl_typesupport_fastrtps_c;rosidl_typesupport_introspection_c
[0.358s] -- Using all available rosidl_typesupport_cpp: rosidl_typesupport_fastrtps_cpp;rosidl_typesupport_introspection_cpp
[0.464s] -- Found rmw_implementation_cmake: 6.1.1 (/opt/ros/humble/share/rmw_implementation_cmake/cmake)
[0.465s] -- Found rmw_cyclonedds_cpp: 1.3.4 (/opt/ros/humble/share/rmw_cyclonedds_cpp/cmake)
[0.515s] -- Using RMW implementation 'rmw_cyclonedds_cpp' as default
[0.728s] -- Found rclcpp_lifecycle: 16.0.3 (/opt/ros/humble/share/rclcpp_lifecycle/cmake)
[0.778s] -- Found rclcpp_action: 16.0.3 (/opt/ros/humble/share/rclcpp_action/cmake)
[0.896s] -- Found geometry_msgs: 4.2.3 (/opt/ros/humble/share/geometry_msgs/cmake)
[0.953s] -- Found nav2_msgs: 1.1.6 (/opt/ros/humble/share/nav2_msgs/cmake)
[1.353s] -- Found sensor_msgs: 4.2.3 (/opt/ros/humble/share/sensor_msgs/cmake)
[1.467s] -- ZeroMQ found.
[1.576s] -- Configuring done
[1.624s] -- Generating done
[1.626s] -- Build files have been written to: /home/omartinez/gsoc2023-jderobot/ros2_challenge/src/build/patrolling_example
[1.638s] Invoked command in '/home/omartinez/gsoc2023-jderobot/ros2_challenge/src/build/patrolling_example' returned '0': CMAKE_PREFIX_PATH=/opt/ros/humble /usr/bin/cmake /home/omartinez/gsoc2023-jderobot/ros2_challenge/src/patrolling_example -DAMENT_CMAKE_SYMLINK_INSTALL=1 -DCMAKE_INSTALL_PREFIX=/home/omartinez/gsoc2023-jderobot/ros2_challenge/src/install/patrolling_example
[1.639s] Invoking command in '/home/omartinez/gsoc2023-jderobot/ros2_challenge/src/build/patrolling_example': CMAKE_PREFIX_PATH=/opt/ros/humble /usr/bin/cmake --build /home/omartinez/gsoc2023-jderobot/ros2_challenge/src/build/patrolling_example -- -j8 -l8
[1.703s] [  8%] [32mBuilding CXX object CMakeFiles/patrolling_example.dir/src/patrolling_example_main.cpp.o[0m
[1.704s] [ 16%] [32mBuilding CXX object CMakeFiles/recharge_bt_node.dir/src/patrolling_example/Recharge.cpp.o[0m
[1.704s] [ 25%] [32mBuilding CXX object CMakeFiles/location_bt_node.dir/src/patrolling_example/Location.cpp.o[0m
[1.707s] [ 33%] [32mBuilding CXX object CMakeFiles/get_waypoint_bt_node.dir/src/patrolling_example/GetWaypoint.cpp.o[0m
[1.707s] [ 41%] [32mBuilding CXX object CMakeFiles/move_bt_node.dir/src/patrolling_example/Move.cpp.o[0m
[1.707s] [ 50%] [32mBuilding CXX object CMakeFiles/battery_checker_bt_node.dir/src/patrolling_example/BatteryChecker.cpp.o[0m
[4.947s] [ 58%] [32m[1mLinking CXX shared library librecharge_bt_node.so[0m
[5.303s] [ 58%] Built target recharge_bt_node
[7.203s] In file included from [01m[K/home/omartinez/gsoc2023-jderobot/ros2_challenge/src/patrolling_example/src/patrolling_example/Move.cpp:20[m[K:
[7.204s] [01m[K/home/omartinez/gsoc2023-jderobot/ros2_challenge/src/patrolling_example/include/patrolling_example/Move.hpp:30:53:[m[K [01;31m[Kerror: [m[Kexpected template-name before â€˜[01m[K<[m[Kâ€™ token
[7.204s]    30 | class Move : public patrolling_example::BtActionNode[01;31m[K<[m[Knav2_msgs::action::NavigateToPose>
[7.204s]       |                                                     [01;31m[K^[m[K
[7.204s] [01m[K/home/omartinez/gsoc2023-jderobot/ros2_challenge/src/patrolling_example/include/patrolling_example/Move.hpp:30:53:[m[K [01;31m[Kerror: [m[Kexpected â€˜[01m[K{[m[Kâ€™ before â€˜[01m[K<[m[Kâ€™ token
[7.205s] [01m[K/home/omartinez/gsoc2023-jderobot/ros2_challenge/src/patrolling_example/include/patrolling_example/Move.hpp:30:53:[m[K [01;31m[Kerror: [m[Kexpected unqualified-id before â€˜[01m[K<[m[Kâ€™ token
[7.205s] [01m[K/home/omartinez/gsoc2023-jderobot/ros2_challenge/src/patrolling_example/src/patrolling_example/Move.cpp:32:37:[m[K [01;31m[Kerror: [m[Kinvalid use of incomplete type â€˜[01m[Kclass patrolling_example::Move[m[Kâ€™
[7.205s]    32 |   const BT::NodeConfiguration & conf[01;31m[K)[m[K
[7.205s]       |                                     [01;31m[K^[m[K
[7.205s] In file included from [01m[K/home/omartinez/gsoc2023-jderobot/ros2_challenge/src/patrolling_example/src/patrolling_example/Move.cpp:20[m[K:
[7.205s] [01m[K/home/omartinez/gsoc2023-jderobot/ros2_challenge/src/patrolling_example/include/patrolling_example/Move.hpp:30:7:[m[K [01;36m[Knote: [m[Kforward declaration of â€˜[01m[Kclass patrolling_example::Move[m[Kâ€™
[7.206s]    30 | class [01;36m[KMove[m[K : public patrolling_example::BtActionNode<nav2_msgs::action::NavigateToPose>
[7.206s]       |       [01;36m[K^~~~[m[K
[7.206s] [01m[K/home/omartinez/gsoc2023-jderobot/ros2_challenge/src/patrolling_example/src/patrolling_example/Move.cpp:39:15:[m[K [01;31m[Kerror: [m[Kinvalid use of incomplete type â€˜[01m[Kclass patrolling_example::Move[m[Kâ€™
[7.206s]    39 | Move::on_tick([01;31m[K)[m[K
[7.206s]       |               [01;31m[K^[m[K
[7.207s] In file included from [01m[K/home/omartinez/gsoc2023-jderobot/ros2_challenge/src/patrolling_example/src/patrolling_example/Move.cpp:20[m[K:
[7.207s] [01m[K/home/omartinez/gsoc2023-jderobot/ros2_challenge/src/patrolling_example/include/patrolling_example/Move.hpp:30:7:[m[K [01;36m[Knote: [m[Kforward declaration of â€˜[01m[Kclass patrolling_example::Move[m[Kâ€™
[7.207s]    30 | class [01;36m[KMove[m[K : public patrolling_example::BtActionNode<nav2_msgs::action::NavigateToPose>
[7.207s]       |       [01;36m[K^~~~[m[K
[7.207s] [01m[K/home/omartinez/gsoc2023-jderobot/ros2_challenge/src/patrolling_example/src/patrolling_example/Move.cpp:48:18:[m[K [01;31m[Kerror: [m[Kinvalid use of incomplete type â€˜[01m[Kclass patrolling_example::Move[m[Kâ€™
[7.208s]    48 | Move::on_success([01;31m[K)[m[K
[7.208s]       |                  [01;31m[K^[m[K
[7.208s] In file included from [01m[K/home/omartinez/gsoc2023-jderobot/ros2_challenge/src/patrolling_example/src/patrolling_example/Move.cpp:20[m[K:
[7.208s] [01m[K/home/omartinez/gsoc2023-jderobot/ros2_challenge/src/patrolling_example/include/patrolling_example/Move.hpp:30:7:[m[K [01;36m[Knote: [m[Kforward declaration of â€˜[01m[Kclass patrolling_example::Move[m[Kâ€™
[7.208s]    30 | class [01;36m[KMove[m[K : public patrolling_example::BtActionNode<nav2_msgs::action::NavigateToPose>
[7.208s]       |       [01;36m[K^~~~[m[K
[7.223s] [01m[K/home/omartinez/gsoc2023-jderobot/ros2_challenge/src/patrolling_example/src/patrolling_example/Move.cpp:[m[K In function â€˜[01m[Kvoid BT_RegisterNodesFromPlugin(BT::BehaviorTreeFactory&)[m[Kâ€™:
[7.223s] [01m[K/home/omartinez/gsoc2023-jderobot/ros2_challenge/src/patrolling_example/src/patrolling_example/Move.cpp:66:5:[m[K [01;31m[Kerror: [m[Kconversion from â€˜[01m[KBT_RegisterNodesFromPlugin(BT::BehaviorTreeFactory&)::<lambda(const string&, const BT::NodeConfiguration&)>[m[Kâ€™ to non-scalar type â€˜[01m[KBT::NodeBuilder[m[Kâ€™ {aka â€˜[01m[Kstd::function<std::unique_ptr<BT::TreeNode>(const std::__cxx11::basic_string<char>&, const BT::NodeConfiguration&)>[m[Kâ€™} requested
[7.223s]    66 |     [01;31m[K}[m[K;
[7.223s]       |     [01;31m[K^[m[K
[7.355s] In file included from [01m[K/usr/include/c++/11/memory:76[m[K,
[7.355s]                  from [01m[K/home/omartinez/gsoc2023-jderobot/ros2_challenge/src/patrolling_example/src/patrolling_example/Move.cpp:18[m[K:
[7.355s] /usr/include/c++/11/bits/unique_ptr.h: In instantiation of â€˜[01m[Ktypename std::_MakeUniq<_Tp>::__single_object std::make_unique(_Args&& ...) [with _Tp = patrolling_example::Move; _Args = {const std::__cxx11::basic_string<char, std::char_traits<char>, std::allocator<char> >&, const char (&)[17], const BT::NodeConfiguration&}; typename std::_MakeUniq<_Tp>::__single_object = std::unique_ptr<patrolling_example::Move, std::default_delete<patrolling_example::Move> >][m[Kâ€™:
[7.356s] [01m[K/home/omartinez/gsoc2023-jderobot/ros2_challenge/src/patrolling_example/src/patrolling_example/Move.cpp:64:56:[m[K   required from here
[7.356s] [01m[K/usr/include/c++/11/bits/unique_ptr.h:962:30:[m[K [01;31m[Kerror: [m[Kinvalid use of incomplete type â€˜[01m[Kclass patrolling_example::Move[m[Kâ€™
[7.356s]   962 |     { return unique_ptr<_Tp>([01;31m[Knew _Tp(std::forward<_Args>(__args)...)[m[K); }
[7.356s]       |                              [01;31m[K^~~~~~~~~~~~~~~~~~~~~~~~~~~~~~~~~~~~~~~[m[K
[7.357s] In file included from [01m[K/home/omartinez/gsoc2023-jderobot/ros2_challenge/src/patrolling_example/src/patrolling_example/Move.cpp:20[m[K:
[7.357s] [01m[K/home/omartinez/gsoc2023-jderobot/ros2_challenge/src/patrolling_example/include/patrolling_example/Move.hpp:30:7:[m[K [01;36m[Knote: [m[Kforward declaration of â€˜[01m[Kclass patrolling_example::Move[m[Kâ€™
[7.357s]    30 | class [01;36m[KMove[m[K : public patrolling_example::BtActionNode<nav2_msgs::action::NavigateToPose>
[7.357s]       |       [01;36m[K^~~~[m[K
[7.459s] [01m[K/home/omartinez/gsoc2023-jderobot/ros2_challenge/src/patrolling_example/src/patrolling_example/Location.cpp:[m[K In constructor â€˜[01m[Kpatrolling_example::Location::Location(const string&, const BT::NodeConfiguration&)[m[Kâ€™:
[7.460s] [01m[K/home/omartinez/gsoc2023-jderobot/ros2_challenge/src/patrolling_example/src/patrolling_example/Location.cpp:39:3:[m[K [01;31m[Kerror: [m[Kâ€˜[01m[Kvel_pub_[m[Kâ€™ was not declared in this scope
[7.460s]    39 |   [01;31m[Kvel_pub_[m[K = node_->create_publisher<geometry_msgs::msg::Twist>("/output_vel", 100);
[7.460s]       |   [01;31m[K^~~~~~~~[m[K
[7.480s] [01m[K/home/omartinez/gsoc2023-jderobot/ros2_challenge/src/patrolling_example/src/patrolling_example/Location.cpp:40:3:[m[K [01;31m[Kerror: [m[Kâ€˜[01m[Ktag_pub_[m[Kâ€™ was not declared in this scope
[7.480s]    40 |   [01;31m[Ktag_pub_[m[K = node_->create_publisher<custom_interfaces::msg::TagInfo>("/tag_info", 100);
[7.480s]       |   [01;31m[K^~~~~~~~[m[K
[7.504s] [01m[K/home/omartinez/gsoc2023-jderobot/ros2_challenge/src/patrolling_example/src/patrolling_example/Location.cpp:40:38:[m[K [01;31m[Kerror: [m[Kâ€˜[01m[Kcustom_interfaces[m[Kâ€™ was not declared in this scope; did you mean â€˜[01m[Kbuiltin_interfaces[m[Kâ€™?
[7.504s]    40 |   tag_pub_ = node_->create_publisher<[01;31m[Kcustom_interfaces[m[K::msg::TagInfo>("/tag_info", 100);
[7.505s]       |                                      [01;31m[K^~~~~~~~~~~~~~~~~[m[K
[7.505s]       |                                      [32m[Kbuiltin_interfaces[m[K
[7.505s] [01m[K/home/omartinez/gsoc2023-jderobot/ros2_challenge/src/patrolling_example/src/patrolling_example/Location.cpp:40:21:[m[K [01;31m[Kerror: [m[Kparse error in template argument list
[7.506s]    40 |   tag_pub_ = node_->[01;31m[Kcreate_publisher<custom_interfaces::msg::TagInfo>[m[K("/tag_info", 100);
[7.506s]       |                     [01;31m[K^~~~~~~~~~~~~~~~~~~~~~~~~~~~~~~~~~~~~~~~~~~~~~~~~[m[K
[7.506s] [01m[K/home/omartinez/gsoc2023-jderobot/ros2_challenge/src/patrolling_example/src/patrolling_example/Location.cpp:40:70:[m[K [01;31m[Kerror: [m[Kno matching function for call to â€˜[01m[Krclcpp::Node::create_publisher<<expression error> >(const char [10], int)[m[Kâ€™
[7.507s]    40 |   tag_pub_ = [01;31m[Knode_->create_publisher<custom_interfaces::msg::TagInfo>("/tag_info", 100)[m[K;
[7.507s]       |              [01;31m[K~~~~~~~~~~~~~~~~~~~~~~~~~~~~~~~~~~~~~~~~~~~~~~~~~~~~~~~~^~~~~~~~~~~~~~~~~~[m[K
[7.507s] In file included from [01m[K/opt/ros/humble/include/rclcpp/rclcpp/node.hpp:1321[m[K,
[7.508s]                  from [01m[K/opt/ros/humble/include/rclcpp/rclcpp/executors/single_threaded_executor.hpp:28[m[K,
[7.508s]                  from [01m[K/opt/ros/humble/include/rclcpp/rclcpp/executors.hpp:22[m[K,
[7.509s]                  from [01m[K/opt/ros/humble/include/rclcpp/rclcpp/rclcpp.hpp:155[m[K,
[7.509s]                  from [01m[K/home/omartinez/gsoc2023-jderobot/ros2_challenge/src/patrolling_example/include/patrolling_example/Location.hpp:27[m[K,
[7.509s]                  from [01m[K/home/omartinez/gsoc2023-jderobot/ros2_challenge/src/patrolling_example/src/patrolling_example/Location.cpp:18[m[K:
[7.509s] [01m[K/opt/ros/humble/include/rclcpp/rclcpp/node_impl.hpp:73:1:[m[K [01;36m[Knote: [m[Kcandidate: â€˜[01m[Ktemplate<class MessageT, class AllocatorT, class PublisherT> std::shared_ptr<PublisherT> rclcpp::Node::create_publisher(const string&, const rclcpp::QoS&, const rclcpp::PublisherOptionsWithAllocator<AllocatorT>&)[m[Kâ€™
[7.510s]    73 | [01;36m[KNode[m[K::create_publisher(
[7.510s]       | [01;36m[K^~~~[m[K
[7.510s] [01m[K/opt/ros/humble/include/rclcpp/rclcpp/node_impl.hpp:73:1:[m[K [01;36m[Knote: [m[K  template argument deduction/substitution failed:
[7.511s] [01m[K/home/omartinez/gsoc2023-jderobot/ros2_challenge/src/patrolling_example/src/patrolling_example/Location.cpp:40:70:[m[K [01;31m[Kerror: [m[Ktemplate argument 1 is invalid
[7.511s]    40 |   tag_pub_ = [01;31m[Knode_->create_publisher<custom_interfaces::msg::TagInfo>("/tag_info", 100)[m[K;
[7.511s]       |              [01;31m[K~~~~~~~~~~~~~~~~~~~~~~~~~~~~~~~~~~~~~~~~~~~~~~~~~~~~~~~~^~~~~~~~~~~~~~~~~~[m[K
[7.517s] [01m[K/home/omartinez/gsoc2023-jderobot/ros2_challenge/src/patrolling_example/src/patrolling_example/Location.cpp:41:3:[m[K [01;31m[Kerror: [m[Kâ€˜[01m[Kloc_sub_[m[Kâ€™ was not declared in this scope
[7.517s]    41 |   [01;31m[Kloc_sub_[m[K = node_->create_subscription<geometry_msgs::msg::PoseWithCovarianceStamped>(
[7.518s]       |   [01;31m[K^~~~~~~~[m[K
[7.518s] [01m[K/home/omartinez/gsoc2023-jderobot/ros2_challenge/src/patrolling_example/src/patrolling_example/Location.cpp:41:61:[m[K [01;31m[Kerror: [m[Kâ€˜[01m[KPoseWithCovarianceStamped[m[Kâ€™ is not a member of â€˜[01m[Kgeometry_msgs::msg[m[Kâ€™
[7.518s]    41 |   loc_sub_ = node_->create_subscription<geometry_msgs::msg::[01;31m[KPoseWithCovarianceStamped[m[K>(
[7.519s]       |                                                             [01;31m[K^~~~~~~~~~~~~~~~~~~~~~~~~[m[K
[7.519s] [01m[K/home/omartinez/gsoc2023-jderobot/ros2_challenge/src/patrolling_example/src/patrolling_example/Location.cpp:43:26:[m[K [01;31m[Kerror: [m[Kâ€˜[01m[Kloc_callback[m[Kâ€™ is not a member of â€˜[01m[Kpatrolling_example::Location[m[Kâ€™
[7.519s]    43 |     std::bind(&Location::[01;31m[Kloc_callback[m[K, this, std::placeholders::_1));
[7.520s]       |                          [01;31m[K^~~~~~~~~~~~[m[K
[7.530s] In file included from [01m[K/usr/include/c++/11/memory:76[m[K,
[7.530s]                  from [01m[K/home/omartinez/gsoc2023-jderobot/ros2_challenge/src/patrolling_example/src/patrolling_example/Move.cpp:18[m[K:
[7.531s] /usr/include/c++/11/bits/unique_ptr.h: In instantiation of â€˜[01m[Kvoid std::default_delete<_Tp>::operator()(_Tp*) const [with _Tp = patrolling_example::Move][m[Kâ€™:
[7.531s] [01m[K/usr/include/c++/11/bits/unique_ptr.h:361:17:[m[K   required from â€˜[01m[Kstd::unique_ptr<_Tp, _Dp>::~unique_ptr() [with _Tp = patrolling_example::Move; _Dp = std::default_delete<patrolling_example::Move>][m[Kâ€™
[7.532s] [01m[K/home/omartinez/gsoc2023-jderobot/ros2_challenge/src/patrolling_example/src/patrolling_example/Move.cpp:64:56:[m[K   required from here
[7.532s] [01m[K/usr/include/c++/11/bits/unique_ptr.h:83:23:[m[K [01;31m[Kerror: [m[Kinvalid application of â€˜[01m[Ksizeof[m[Kâ€™ to incomplete type â€˜[01m[Kpatrolling_example::Move[m[Kâ€™
[7.533s]    83 |         static_assert([01;31m[Ksizeof(_Tp)[m[K>0,
[7.533s]       |                       [01;31m[K^~~~~~~~~~~[m[K
[7.534s] [01m[K/home/omartinez/gsoc2023-jderobot/ros2_challenge/src/patrolling_example/src/patrolling_example/Location.cpp:45:3:[m[K [01;31m[Kerror: [m[Kâ€˜[01m[Ksrv_client_[m[Kâ€™ was not declared in this scope; did you mean â€˜[01m[Krmw_client_t[m[Kâ€™?
[7.534s]    45 |   [01;31m[Ksrv_client_[m[K = node_->create_client<custom_interfaces::srv::RfidSim>("rfid_sim");
[7.534s]       |   [01;31m[K^~~~~~~~~~~[m[K
[7.535s]       |   [32m[Krmw_client_t[m[K
[7.535s] [01m[K/home/omartinez/gsoc2023-jderobot/ros2_challenge/src/patrolling_example/src/patrolling_example/Location.cpp:45:24:[m[K [01;31m[Kerror: [m[Kparse error in template argument list
[7.536s]    45 |   srv_client_ = node_->[01;31m[Kcreate_client<custom_interfaces::srv::RfidSim>[m[K("rfid_sim");
[7.536s]       |                        [01;31m[K^~~~~~~~~~~~~~~~~~~~~~~~~~~~~~~~~~~~~~~~~~~~~~[m[K
[7.537s] [01m[K/home/omartinez/gsoc2023-jderobot/ros2_challenge/src/patrolling_example/src/patrolling_example/Location.cpp:45:70:[m[K [01;31m[Kerror: [m[Kno matching function for call to â€˜[01m[Krclcpp::Node::create_client<custom_interfaces>(const char [9])[m[Kâ€™
[7.537s]    45 |   srv_client_ = [01;31m[Knode_->create_client<custom_interfaces::srv::RfidSim>("rfid_sim")[m[K;
[7.537s]       |                 [01;31m[K~~~~~~~~~~~~~~~~~~~~~~~~~~~~~~~~~~~~~~~~~~~~~~~~~~~~~^~~~~~~~~~~~[m[K
[7.538s] In file included from [01m[K/opt/ros/humble/include/rclcpp/rclcpp/executors/single_threaded_executor.hpp:28[m[K,
[7.538s]                  from [01m[K/opt/ros/humble/include/rclcpp/rclcpp/executors.hpp:22[m[K,
[7.538s]                  from [01m[K/opt/ros/humble/include/rclcpp/rclcpp/rclcpp.hpp:155[m[K,
[7.539s]                  from [01m[K/home/omartinez/gsoc2023-jderobot/ros2_challenge/src/patrolling_example/include/patrolling_example/Location.hpp:27[m[K,
[7.539s]                  from [01m[K/home/omartinez/gsoc2023-jderobot/ros2_challenge/src/patrolling_example/src/patrolling_example/Location.cpp:18[m[K:
[7.539s] [01m[K/opt/ros/humble/include/rclcpp/rclcpp/node.hpp:252:3:[m[K [01;36m[Knote: [m[Kcandidate: â€˜[01m[Ktemplate<class ServiceT> typename rclcpp::Client<ServiceT>::SharedPtr rclcpp::Node::create_client(const string&, const rmw_qos_profile_t&, rclcpp::CallbackGroup::SharedPtr)[m[Kâ€™
[7.540s]   252 |   [01;36m[Kcreate_client[m[K(
[7.540s]       |   [01;36m[K^~~~~~~~~~~~~[m[K
[7.540s] [01m[K/opt/ros/humble/include/rclcpp/rclcpp/node.hpp:252:3:[m[K [01;36m[Knote: [m[K  template argument deduction/substitution failed:
[7.662s] In file included from [01m[K/usr/include/c++/11/bits/move.h:57[m[K,
[7.662s]                  from [01m[K/usr/include/c++/11/bits/stl_pair.h:59[m[K,
[7.662s]                  from [01m[K/usr/include/c++/11/bits/stl_algobase.h:64[m[K,
[7.663s]                  from [01m[K/usr/include/c++/11/bits/char_traits.h:39[m[K,
[7.663s]                  from [01m[K/usr/include/c++/11/string:40[m[K,
[7.663s]                  from [01m[K/home/omartinez/gsoc2023-jderobot/ros2_challenge/src/patrolling_example/src/patrolling_example/Move.cpp:15[m[K:
[7.664s] /usr/include/c++/11/type_traits: In instantiation of â€˜[01m[Kstruct std::is_base_of<BT::ActionNodeBase, patrolling_example::Move>[m[Kâ€™:
[7.664s] [01m[K/opt/ros/humble/include/behaviortree_cpp_v3/behavior_tree.h:83:45:[m[K   required from â€˜[01m[KBT::NodeType BT::getType() [with T = patrolling_example::Move][m[Kâ€™
[7.664s] [01m[K/opt/ros/humble/include/behaviortree_cpp_v3/bt_factory.h:81:21:[m[K   required from â€˜[01m[KBT::TreeNodeManifest BT::CreateManifest(const string&, BT::PortsList) [with T = patrolling_example::Move; std::string = std::__cxx11::basic_string<char>; BT::PortsList = std::unordered_map<std::__cxx11::basic_string<char>, BT::PortInfo>][m[Kâ€™
[7.665s] [01m[K/opt/ros/humble/include/behaviortree_cpp_v3/bt_factory.h:269:38:[m[K   required from â€˜[01m[Kvoid BT::BehaviorTreeFactory::registerBuilder(const string&, const NodeBuilder&) [with T = patrolling_example::Move; std::string = std::__cxx11::basic_string<char>; BT::NodeBuilder = std::function<std::unique_ptr<BT::TreeNode>(const std::__cxx11::basic_string<char>&, const BT::NodeConfiguration&)>][m[Kâ€™
[7.665s] [01m[K/home/omartinez/gsoc2023-jderobot/ros2_challenge/src/patrolling_example/src/patrolling_example/Move.cpp:68:52:[m[K   required from here
[7.665s] [01m[K/usr/include/c++/11/type_traits:1422:38:[m[K [01;31m[Kerror: [m[Kinvalid use of incomplete type â€˜[01m[Kclass patrolling_example::Move[m[Kâ€™
[7.666s]  1422 |     : public integral_constant<bool, [01;31m[K__is_base_of(_Base, _Derived)[m[K>
[7.666s]       |                                      [01;31m[K^~~~~~~~~~~~~~~~~~~~~~~~~~~~~[m[K
[7.666s] In file included from [01m[K/home/omartinez/gsoc2023-jderobot/ros2_challenge/src/patrolling_example/src/patrolling_example/Move.cpp:20[m[K:
[7.667s] [01m[K/home/omartinez/gsoc2023-jderobot/ros2_challenge/src/patrolling_example/include/patrolling_example/Move.hpp:30:7:[m[K [01;36m[Knote: [m[Kforward declaration of â€˜[01m[Kclass patrolling_example::Move[m[Kâ€™
[7.667s]    30 | class [01;36m[KMove[m[K : public patrolling_example::BtActionNode<nav2_msgs::action::NavigateToPose>
[7.667s]       |       [01;36m[K^~~~[m[K
[7.668s] In file included from [01m[K/home/omartinez/gsoc2023-jderobot/ros2_challenge/src/patrolling_example/include/patrolling_example/Move.hpp:24[m[K,
[7.668s]                  from [01m[K/home/omartinez/gsoc2023-jderobot/ros2_challenge/src/patrolling_example/src/patrolling_example/Move.cpp:20[m[K:
[7.668s] /opt/ros/humble/include/behaviortree_cpp_v3/behavior_tree.h: In instantiation of â€˜[01m[KBT::NodeType BT::getType() [with T = patrolling_example::Move][m[Kâ€™:
[7.669s] [01m[K/opt/ros/humble/include/behaviortree_cpp_v3/bt_factory.h:81:21:[m[K   required from â€˜[01m[KBT::TreeNodeManifest BT::CreateManifest(const string&, BT::PortsList) [with T = patrolling_example::Move; std::string = std::__cxx11::basic_string<char>; BT::PortsList = std::unordered_map<std::__cxx11::basic_string<char>, BT::PortInfo>][m[Kâ€™
[7.669s] [01m[K/opt/ros/humble/include/behaviortree_cpp_v3/bt_factory.h:269:38:[m[K   required from â€˜[01m[Kvoid BT::BehaviorTreeFactory::registerBuilder(const string&, const NodeBuilder&) [with T = patrolling_example::Move; std::string = std::__cxx11::basic_string<char>; BT::NodeBuilder = std::function<std::unique_ptr<BT::TreeNode>(const std::__cxx11::basic_string<char>&, const BT::NodeConfiguration&)>][m[Kâ€™
[7.669s] [01m[K/home/omartinez/gsoc2023-jderobot/ros2_challenge/src/patrolling_example/src/patrolling_example/Move.cpp:68:52:[m[K   required from here
[7.670s] [01m[K/opt/ros/humble/include/behaviortree_cpp_v3/behavior_tree.h:83:45:[m[K [01;31m[Kerror: [m[Kâ€˜[01m[Kvalue[m[Kâ€™ is not a member of â€˜[01m[Kstd::is_base_of<BT::ActionNodeBase, patrolling_example::Move>[m[Kâ€™
[7.670s]    83 |     if( std::is_base_of<ActionNodeBase, T>::[01;31m[Kvalue[m[K )        return NodeType::ACTION;
[7.670s]       |                                             [01;31m[K^~~~~[m[K
[7.671s] In file included from [01m[K/usr/include/c++/11/bits/move.h:57[m[K,
[7.671s]                  from [01m[K/usr/include/c++/11/bits/stl_pair.h:59[m[K,
[7.671s]                  from [01m[K/usr/include/c++/11/bits/stl_algobase.h:64[m[K,
[7.672s]                  from [01m[K/usr/include/c++/11/bits/char_traits.h:39[m[K,
[7.672s]                  from [01m[K/usr/include/c++/11/string:40[m[K,
[7.672s]                  from [01m[K/home/omartinez/gsoc2023-jderobot/ros2_challenge/src/patrolling_example/src/patrolling_example/Move.cpp:15[m[K:
[7.673s] /usr/include/c++/11/type_traits: In instantiation of â€˜[01m[Kstruct std::is_base_of<BT::ConditionNode, patrolling_example::Move>[m[Kâ€™:
[7.673s] [01m[K/opt/ros/humble/include/behaviortree_cpp_v3/behavior_tree.h:84:44:[m[K   required from â€˜[01m[KBT::NodeType BT::getType() [with T = patrolling_example::Move][m[Kâ€™
[7.673s] [01m[K/opt/ros/humble/include/behaviortree_cpp_v3/bt_factory.h:81:21:[m[K   required from â€˜[01m[KBT::TreeNodeManifest BT::CreateManifest(const string&, BT::PortsList) [with T = patrolling_example::Move; std::string = std::__cxx11::basic_string<char>; BT::PortsList = std::unordered_map<std::__cxx11::basic_string<char>, BT::PortInfo>][m[Kâ€™
[7.674s] [01m[K/opt/ros/humble/include/behaviortree_cpp_v3/bt_factory.h:269:38:[m[K   required from â€˜[01m[Kvoid BT::BehaviorTreeFactory::registerBuilder(const string&, const NodeBuilder&) [with T = patrolling_example::Move; std::string = std::__cxx11::basic_string<char>; BT::NodeBuilder = std::function<std::unique_ptr<BT::TreeNode>(const std::__cxx11::basic_string<char>&, const BT::NodeConfiguration&)>][m[Kâ€™
[7.674s] [01m[K/home/omartinez/gsoc2023-jderobot/ros2_challenge/src/patrolling_example/src/patrolling_example/Move.cpp:68:52:[m[K   required from here
[7.675s] [01m[K/usr/include/c++/11/type_traits:1422:38:[m[K [01;31m[Kerror: [m[Kinvalid use of incomplete type â€˜[01m[Kclass patrolling_example::Move[m[Kâ€™
[7.675s]  1422 |     : public integral_constant<bool, [01;31m[K__is_base_of(_Base, _Derived)[m[K>
[7.675s]       |                                      [01;31m[K^~~~~~~~~~~~~~~~~~~~~~~~~~~~~[m[K
[7.676s] In file included from [01m[K/home/omartinez/gsoc2023-jderobot/ros2_challenge/src/patrolling_example/src/patrolling_example/Move.cpp:20[m[K:
[7.676s] [01m[K/home/omartinez/gsoc2023-jderobot/ros2_challenge/src/patrolling_example/include/patrolling_example/Move.hpp:30:7:[m[K [01;36m[Knote: [m[Kforward declaration of â€˜[01m[Kclass patrolling_example::Move[m[Kâ€™
[7.676s]    30 | class [01;36m[KMove[m[K : public patrolling_example::BtActionNode<nav2_msgs::action::NavigateToPose>
[7.677s]       |       [01;36m[K^~~~[m[K
[7.677s] In file included from [01m[K/home/omartinez/gsoc2023-jderobot/ros2_challenge/src/patrolling_example/include/patrolling_example/Move.hpp:24[m[K,
[7.677s]                  from [01m[K/home/omartinez/gsoc2023-jderobot/ros2_challenge/src/patrolling_example/src/patrolling_example/Move.cpp:20[m[K:
[7.678s] /opt/ros/humble/include/behaviortree_cpp_v3/behavior_tree.h: In instantiation of â€˜[01m[KBT::NodeType BT::getType() [with T = patrolling_example::Move][m[Kâ€™:
[7.678s] [01m[K/opt/ros/humble/include/behaviortree_cpp_v3/bt_factory.h:81:21:[m[K   required from â€˜[01m[KBT::TreeNodeManifest BT::CreateManifest(const string&, BT::PortsList) [with T = patrolling_example::Move; std::string = std::__cxx11::basic_string<char>; BT::PortsList = std::unordered_map<std::__cxx11::basic_string<char>, BT::PortInfo>][m[Kâ€™
[7.678s] [01m[K/opt/ros/humble/include/behaviortree_cpp_v3/bt_factory.h:269:38:[m[K   required from â€˜[01m[Kvoid BT::BehaviorTreeFactory::registerBuilder(const string&, const NodeBuilder&) [with T = patrolling_example::Move; std::string = std::__cxx11::basic_string<char>; BT::NodeBuilder = std::function<std::unique_ptr<BT::TreeNode>(const std::__cxx11::basic_string<char>&, const BT::NodeConfiguration&)>][m[Kâ€™
[7.679s] [01m[K/home/omartinez/gsoc2023-jderobot/ros2_challenge/src/patrolling_example/src/patrolling_example/Move.cpp:68:52:[m[K   required from here
[7.679s] [01m[K/opt/ros/humble/include/behaviortree_cpp_v3/behavior_tree.h:84:44:[m[K [01;31m[Kerror: [m[Kâ€˜[01m[Kvalue[m[Kâ€™ is not a member of â€˜[01m[Kstd::is_base_of<BT::ConditionNode, patrolling_example::Move>[m[Kâ€™
[7.679s]    84 |     if( std::is_base_of<ConditionNode, T>::[01;31m[Kvalue[m[K )         return NodeType::CONDITION;
[7.680s]       |                                            [01;31m[K^~~~~[m[K
[7.680s] In file included from [01m[K/usr/include/c++/11/bits/move.h:57[m[K,
[7.680s]                  from [01m[K/usr/include/c++/11/bits/stl_pair.h:59[m[K,
[7.681s]                  from [01m[K/usr/include/c++/11/bits/stl_algobase.h:64[m[K,
[7.681s]                  from [01m[K/usr/include/c++/11/bits/char_traits.h:39[m[K,
[7.681s]                  from [01m[K/usr/include/c++/11/string:40[m[K,
[7.682s]                  from [01m[K/home/omartinez/gsoc2023-jderobot/ros2_challenge/src/patrolling_example/src/patrolling_example/Move.cpp:15[m[K:
[7.682s] /usr/include/c++/11/type_traits: In instantiation of â€˜[01m[Kstruct std::is_base_of<BT::SubtreeNode, patrolling_example::Move>[m[Kâ€™:
[7.683s] [01m[K/opt/ros/humble/include/behaviortree_cpp_v3/behavior_tree.h:85:42:[m[K   required from â€˜[01m[KBT::NodeType BT::getType() [with T = patrolling_example::Move][m[Kâ€™
[7.683s] [01m[K/opt/ros/humble/include/behaviortree_cpp_v3/bt_factory.h:81:21:[m[K   required from â€˜[01m[KBT::TreeNodeManifest BT::CreateManifest(const string&, BT::PortsList) [with T = patrolling_example::Move; std::string = std::__cxx11::basic_string<char>; BT::PortsList = std::unordered_map<std::__cxx11::basic_string<char>, BT::PortInfo>][m[Kâ€™
[7.683s] [01m[K/opt/ros/humble/include/behaviortree_cpp_v3/bt_factory.h:269:38:[m[K   required from â€˜[01m[Kvoid BT::BehaviorTreeFactory::registerBuilder(const string&, const NodeBuilder&) [with T = patrolling_example::Move; std::string = std::__cxx11::basic_string<char>; BT::NodeBuilder = std::function<std::unique_ptr<BT::TreeNode>(const std::__cxx11::basic_string<char>&, const BT::NodeConfiguration&)>][m[Kâ€™
[7.684s] [01m[K/home/omartinez/gsoc2023-jderobot/ros2_challenge/src/patrolling_example/src/patrolling_example/Move.cpp:68:52:[m[K   required from here
[7.684s] [01m[K/usr/include/c++/11/type_traits:1422:38:[m[K [01;31m[Kerror: [m[Kinvalid use of incomplete type â€˜[01m[Kclass patrolling_example::Move[m[Kâ€™
[7.684s]  1422 |     : public integral_constant<bool, [01;31m[K__is_base_of(_Base, _Derived)[m[K>
[7.684s]       |                                      [01;31m[K^~~~~~~~~~~~~~~~~~~~~~~~~~~~~[m[K
[7.685s] In file included from [01m[K/home/omartinez/gsoc2023-jderobot/ros2_challenge/src/patrolling_example/src/patrolling_example/Move.cpp:20[m[K:
[7.685s] [01m[K/home/omartinez/gsoc2023-jderobot/ros2_challenge/src/patrolling_example/include/patrolling_example/Move.hpp:30:7:[m[K [01;36m[Knote: [m[Kforward declaration of â€˜[01m[Kclass patrolling_example::Move[m[Kâ€™
[7.685s]    30 | class [01;36m[KMove[m[K : public patrolling_example::BtActionNode<nav2_msgs::action::NavigateToPose>
[7.686s]       |       [01;36m[K^~~~[m[K
[7.686s] In file included from [01m[K/home/omartinez/gsoc2023-jderobot/ros2_challenge/src/patrolling_example/include/patrolling_example/Move.hpp:24[m[K,
[7.686s]                  from [01m[K/home/omartinez/gsoc2023-jderobot/ros2_challenge/src/patrolling_example/src/patrolling_example/Move.cpp:20[m[K:
[7.687s] /opt/ros/humble/include/behaviortree_cpp_v3/behavior_tree.h: In instantiation of â€˜[01m[KBT::NodeType BT::getType() [with T = patrolling_example::Move][m[Kâ€™:
[7.687s] [01m[K/opt/ros/humble/include/behaviortree_cpp_v3/bt_factory.h:81:21:[m[K   required from â€˜[01m[KBT::TreeNodeManifest BT::CreateManifest(const string&, BT::PortsList) [with T = patrolling_example::Move; std::string = std::__cxx11::basic_string<char>; BT::PortsList = std::unordered_map<std::__cxx11::basic_string<char>, BT::PortInfo>][m[Kâ€™
[7.687s] [01m[K/opt/ros/humble/include/behaviortree_cpp_v3/bt_factory.h:269:38:[m[K   required from â€˜[01m[Kvoid BT::BehaviorTreeFactory::registerBuilder(const string&, const NodeBuilder&) [with T = patrolling_example::Move; std::string = std::__cxx11::basic_string<char>; BT::NodeBuilder = std::function<std::unique_ptr<BT::TreeNode>(const std::__cxx11::basic_string<char>&, const BT::NodeConfiguration&)>][m[Kâ€™
[7.688s] [01m[K/home/omartinez/gsoc2023-jderobot/ros2_challenge/src/patrolling_example/src/patrolling_example/Move.cpp:68:52:[m[K   required from here
[7.688s] [01m[K/opt/ros/humble/include/behaviortree_cpp_v3/behavior_tree.h:85:42:[m[K [01;31m[Kerror: [m[Kâ€˜[01m[Kvalue[m[Kâ€™ is not a member of â€˜[01m[Kstd::is_base_of<BT::SubtreeNode, patrolling_example::Move>[m[Kâ€™
[7.688s]    85 |     if( std::is_base_of<SubtreeNode, T>::[01;31m[Kvalue[m[K )           return NodeType::SUBTREE;
[7.689s]       |                                          [01;31m[K^~~~~[m[K
[7.689s] In file included from [01m[K/usr/include/c++/11/bits/move.h:57[m[K,
[7.689s]                  from [01m[K/usr/include/c++/11/bits/stl_pair.h:59[m[K,
[7.690s]                  from [01m[K/usr/include/c++/11/bits/stl_algobase.h:64[m[K,
[7.690s]                  from [01m[K/usr/include/c++/11/bits/char_traits.h:39[m[K,
[7.690s]                  from [01m[K/usr/include/c++/11/string:40[m[K,
[7.691s]                  from [01m[K/home/omartinez/gsoc2023-jderobot/ros2_challenge/src/patrolling_example/src/patrolling_example/Move.cpp:15[m[K:
[7.691s] /usr/include/c++/11/type_traits: In instantiation of â€˜[01m[Kstruct std::is_base_of<BT::SubtreePlusNode, patrolling_example::Move>[m[Kâ€™:
[7.691s] [01m[K/opt/ros/humble/include/behaviortree_cpp_v3/behavior_tree.h:86:46:[m[K   required from â€˜[01m[KBT::NodeType BT::getType() [with T = patrolling_example::Move][m[Kâ€™
[7.692s] [01m[K/opt/ros/humble/include/behaviortree_cpp_v3/bt_factory.h:81:21:[m[K   required from â€˜[01m[KBT::TreeNodeManifest BT::CreateManifest(const string&, BT::PortsList) [with T = patrolling_example::Move; std::string = std::__cxx11::basic_string<char>; BT::PortsList = std::unordered_map<std::__cxx11::basic_string<char>, BT::PortInfo>][m[Kâ€™
[7.692s] [01m[K/opt/ros/humble/include/behaviortree_cpp_v3/bt_factory.h:269:38:[m[K   required from â€˜[01m[Kvoid BT::BehaviorTreeFactory::registerBuilder(const string&, const NodeBuilder&) [with T = patrolling_example::Move; std::string = std::__cxx11::basic_string<char>; BT::NodeBuilder = std::function<std::unique_ptr<BT::TreeNode>(const std::__cxx11::basic_string<char>&, const BT::NodeConfiguration&)>][m[Kâ€™
[7.692s] [01m[K/home/omartinez/gsoc2023-jderobot/ros2_challenge/src/patrolling_example/src/patrolling_example/Move.cpp:68:52:[m[K   required from here
[7.693s] [01m[K/usr/include/c++/11/type_traits:1422:38:[m[K [01;31m[Kerror: [m[Kinvalid use of incomplete type â€˜[01m[Kclass patrolling_example::Move[m[Kâ€™
[7.693s]  1422 |     : public integral_constant<bool, [01;31m[K__is_base_of(_Base, _Derived)[m[K>
[7.693s]       |                                      [01;31m[K^~~~~~~~~~~~~~~~~~~~~~~~~~~~~[m[K
[7.694s] In file included from [01m[K/home/omartinez/gsoc2023-jderobot/ros2_challenge/src/patrolling_example/src/patrolling_example/Move.cpp:20[m[K:
[7.694s] [01m[K/home/omartinez/gsoc2023-jderobot/ros2_challenge/src/patrolling_example/include/patrolling_example/Move.hpp:30:7:[m[K [01;36m[Knote: [m[Kforward declaration of â€˜[01m[Kclass patrolling_example::Move[m[Kâ€™
[7.694s]    30 | class [01;36m[KMove[m[K : public patrolling_example::BtActionNode<nav2_msgs::action::NavigateToPose>
[7.695s]       |       [01;36m[K^~~~[m[K
[7.695s] In file included from [01m[K/home/omartinez/gsoc2023-jderobot/ros2_challenge/src/patrolling_example/include/patrolling_example/Move.hpp:24[m[K,
[7.695s]                  from [01m[K/home/omartinez/gsoc2023-jderobot/ros2_challenge/src/patrolling_example/src/patrolling_example/Move.cpp:20[m[K:
[7.696s] /opt/ros/humble/include/behaviortree_cpp_v3/behavior_tree.h: In instantiation of â€˜[01m[KBT::NodeType BT::getType() [with T = patrolling_example::Move][m[Kâ€™:
[7.696s] [01m[K/opt/ros/humble/include/behaviortree_cpp_v3/bt_factory.h:81:21:[m[K   required from â€˜[01m[KBT::TreeNodeManifest BT::CreateManifest(const string&, BT::PortsList) [with T = patrolling_example::Move; std::string = std::__cxx11::basic_string<char>; BT::PortsList = std::unordered_map<std::__cxx11::basic_string<char>, BT::PortInfo>][m[Kâ€™
[7.696s] [01m[K/opt/ros/humble/include/behaviortree_cpp_v3/bt_factory.h:269:38:[m[K   required from â€˜[01m[Kvoid BT::BehaviorTreeFactory::registerBuilder(const string&, const NodeBuilder&) [with T = patrolling_example::Move; std::string = std::__cxx11::basic_string<char>; BT::NodeBuilder = std::function<std::unique_ptr<BT::TreeNode>(const std::__cxx11::basic_string<char>&, const BT::NodeConfiguration&)>][m[Kâ€™
[7.697s] [01m[K/home/omartinez/gsoc2023-jderobot/ros2_challenge/src/patrolling_example/src/patrolling_example/Move.cpp:68:52:[m[K   required from here
[7.697s] [01m[K/opt/ros/humble/include/behaviortree_cpp_v3/behavior_tree.h:86:46:[m[K [01;31m[Kerror: [m[Kâ€˜[01m[Kvalue[m[Kâ€™ is not a member of â€˜[01m[Kstd::is_base_of<BT::SubtreePlusNode, patrolling_example::Move>[m[Kâ€™
[7.697s]    86 |     if( std::is_base_of<SubtreePlusNode, T>::[01;31m[Kvalue[m[K )       return NodeType::SUBTREE;
[7.698s]       |                                              [01;31m[K^~~~~[m[K
[7.698s] In file included from [01m[K/usr/include/c++/11/bits/move.h:57[m[K,
[7.698s]                  from [01m[K/usr/include/c++/11/bits/stl_pair.h:59[m[K,
[7.699s]                  from [01m[K/usr/include/c++/11/bits/stl_algobase.h:64[m[K,
[7.699s]                  from [01m[K/usr/include/c++/11/bits/char_traits.h:39[m[K,
[7.699s]                  from [01m[K/usr/include/c++/11/string:40[m[K,
[7.700s]                  from [01m[K/home/omartinez/gsoc2023-jderobot/ros2_challenge/src/patrolling_example/src/patrolling_example/Move.cpp:15[m[K:
[7.700s] /usr/include/c++/11/type_traits: In instantiation of â€˜[01m[Kstruct std::is_base_of<BT::DecoratorNode, patrolling_example::Move>[m[Kâ€™:
[7.700s] [01m[K/opt/ros/humble/include/behaviortree_cpp_v3/behavior_tree.h:87:44:[m[K   required from â€˜[01m[KBT::NodeType BT::getType() [with T = patrolling_example::Move][m[Kâ€™
[7.701s] [01m[K/opt/ros/humble/include/behaviortree_cpp_v3/bt_factory.h:81:21:[m[K   required from â€˜[01m[KBT::TreeNodeManifest BT::CreateManifest(const string&, BT::PortsList) [with T = patrolling_example::Move; std::string = std::__cxx11::basic_string<char>; BT::PortsList = std::unordered_map<std::__cxx11::basic_string<char>, BT::PortInfo>][m[Kâ€™
[7.701s] [01m[K/opt/ros/humble/include/behaviortree_cpp_v3/bt_factory.h:269:38:[m[K   required from â€˜[01m[Kvoid BT::BehaviorTreeFactory::registerBuilder(const string&, const NodeBuilder&) [with T = patrolling_example::Move; std::string = std::__cxx11::basic_string<char>; BT::NodeBuilder = std::function<std::unique_ptr<BT::TreeNode>(const std::__cxx11::basic_string<char>&, const BT::NodeConfiguration&)>][m[Kâ€™
[7.701s] [01m[K/home/omartinez/gsoc2023-jderobot/ros2_challenge/src/patrolling_example/src/patrolling_example/Move.cpp:68:52:[m[K   required from here
[7.702s] [01m[K/usr/include/c++/11/type_traits:1422:38:[m[K [01;31m[Kerror: [m[Kinvalid use of incomplete type â€˜[01m[Kclass patrolling_example::Move[m[Kâ€™
[7.702s]  1422 |     : public integral_constant<bool, [01;31m[K__is_base_of(_Base, _Derived)[m[K>
[7.702s]       |                                      [01;31m[K^~~~~~~~~~~~~~~~~~~~~~~~~~~~~[m[K
[7.703s] In file included from [01m[K/home/omartinez/gsoc2023-jderobot/ros2_challenge/src/patrolling_example/src/patrolling_example/Move.cpp:20[m[K:
[7.703s] [01m[K/home/omartinez/gsoc2023-jderobot/ros2_challenge/src/patrolling_example/include/patrolling_example/Move.hpp:30:7:[m[K [01;36m[Knote: [m[Kforward declaration of â€˜[01m[Kclass patrolling_example::Move[m[Kâ€™
[7.703s]    30 | class [01;36m[KMove[m[K : public patrolling_example::BtActionNode<nav2_msgs::action::NavigateToPose>
[7.704s]       |       [01;36m[K^~~~[m[K
[7.704s] In file included from [01m[K/home/omartinez/gsoc2023-jderobot/ros2_challenge/src/patrolling_example/include/patrolling_example/Move.hpp:24[m[K,
[7.704s]                  from [01m[K/home/omartinez/gsoc2023-jderobot/ros2_challenge/src/patrolling_example/src/patrolling_example/Move.cpp:20[m[K:
[7.705s] /opt/ros/humble/include/behaviortree_cpp_v3/behavior_tree.h: In instantiation of â€˜[01m[KBT::NodeType BT::getType() [with T = patrolling_example::Move][m[Kâ€™:
[7.705s] [01m[K/opt/ros/humble/include/behaviortree_cpp_v3/bt_factory.h:81:21:[m[K   required from â€˜[01m[KBT::TreeNodeManifest BT::CreateManifest(const string&, BT::PortsList) [with T = patrolling_example::Move; std::string = std::__cxx11::basic_string<char>; BT::PortsList = std::unordered_map<std::__cxx11::basic_string<char>, BT::PortInfo>][m[Kâ€™
[7.705s] [01m[K/opt/ros/humble/include/behaviortree_cpp_v3/bt_factory.h:269:38:[m[K   required from â€˜[01m[Kvoid BT::BehaviorTreeFactory::registerBuilder(const string&, const NodeBuilder&) [with T = patrolling_example::Move; std::string = std::__cxx11::basic_string<char>; BT::NodeBuilder = std::function<std::unique_ptr<BT::TreeNode>(const std::__cxx11::basic_string<char>&, const BT::NodeConfiguration&)>][m[Kâ€™
[7.706s] [01m[K/home/omartinez/gsoc2023-jderobot/ros2_challenge/src/patrolling_example/src/patrolling_example/Move.cpp:68:52:[m[K   required from here
[7.707s] [01m[K/opt/ros/humble/include/behaviortree_cpp_v3/behavior_tree.h:87:44:[m[K [01;31m[Kerror: [m[Kâ€˜[01m[Kvalue[m[Kâ€™ is not a member of â€˜[01m[Kstd::is_base_of<BT::DecoratorNode, patrolling_example::Move>[m[Kâ€™
[7.708s]    87 |     if( std::is_base_of<DecoratorNode, T>::[01;31m[Kvalue[m[K )         return NodeType::DECORATOR;
[7.708s]       |                                            [01;31m[K^~~~~[m[K
[7.709s] In file included from [01m[K/usr/include/c++/11/bits/move.h:57[m[K,
[7.709s]                  from [01m[K/usr/include/c++/11/bits/stl_pair.h:59[m[K,
[7.709s]                  from [01m[K/usr/include/c++/11/bits/stl_algobase.h:64[m[K,
[7.709s]                  from [01m[K/usr/include/c++/11/bits/char_traits.h:39[m[K,
[7.710s]                  from [01m[K/usr/include/c++/11/string:40[m[K,
[7.712s]                  from [01m[K/home/omartinez/gsoc2023-jderobot/ros2_challenge/src/patrolling_example/src/patrolling_example/Move.cpp:15[m[K:
[7.712s] /usr/include/c++/11/type_traits: In instantiation of â€˜[01m[Kstruct std::is_base_of<BT::ControlNode, patrolling_example::Move>[m[Kâ€™:
[7.712s] [01m[K/opt/ros/humble/include/behaviortree_cpp_v3/behavior_tree.h:88:42:[m[K   required from â€˜[01m[KBT::NodeType BT::getType() [with T = patrolling_example::Move][m[Kâ€™
[7.713s] [01m[K/opt/ros/humble/include/behaviortree_cpp_v3/bt_factory.h:81:21:[m[K   required from â€˜[01m[KBT::TreeNodeManifest BT::CreateManifest(const string&, BT::PortsList) [with T = patrolling_example::Move; std::string = std::__cxx11::basic_string<char>; BT::PortsList = std::unordered_map<std::__cxx11::basic_string<char>, BT::PortInfo>][m[Kâ€™
[7.713s] [01m[K/opt/ros/humble/include/behaviortree_cpp_v3/bt_factory.h:269:38:[m[K   required from â€˜[01m[Kvoid BT::BehaviorTreeFactory::registerBuilder(const string&, const NodeBuilder&) [with T = patrolling_example::Move; std::string = std::__cxx11::basic_string<char>; BT::NodeBuilder = std::function<std::unique_ptr<BT::TreeNode>(const std::__cxx11::basic_string<char>&, const BT::NodeConfiguration&)>][m[Kâ€™
[7.713s] [01m[K/home/omartinez/gsoc2023-jderobot/ros2_challenge/src/patrolling_example/src/patrolling_example/Move.cpp:68:52:[m[K   required from here
[7.714s] [01m[K/usr/include/c++/11/type_traits:1422:38:[m[K [01;31m[Kerror: [m[Kinvalid use of incomplete type â€˜[01m[Kclass patrolling_example::Move[m[Kâ€™
[7.714s]  1422 |     : public integral_constant<bool, [01;31m[K__is_base_of(_Base, _Derived)[m[K>
[7.714s]       |                                      [01;31m[K^~~~~~~~~~~~~~~~~~~~~~~~~~~~~[m[K
[7.715s] In file included from [01m[K/home/omartinez/gsoc2023-jderobot/ros2_challenge/src/patrolling_example/src/patrolling_example/Move.cpp:20[m[K:
[7.715s] [01m[K/home/omartinez/gsoc2023-jderobot/ros2_challenge/src/patrolling_example/include/patrolling_example/Move.hpp:30:7:[m[K [01;36m[Knote: [m[Kforward declaration of â€˜[01m[Kclass patrolling_example::Move[m[Kâ€™
[7.715s]    30 | class [01;36m[KMove[m[K : public patrolling_example::BtActionNode<nav2_msgs::action::NavigateToPose>
[7.716s]       |       [01;36m[K^~~~[m[K
[7.716s] In file included from [01m[K/home/omartinez/gsoc2023-jderobot/ros2_challenge/src/patrolling_example/include/patrolling_example/Move.hpp:24[m[K,
[7.716s]                  from [01m[K/home/omartinez/gsoc2023-jderobot/ros2_challenge/src/patrolling_example/src/patrolling_example/Move.cpp:20[m[K:
[7.717s] /opt/ros/humble/include/behaviortree_cpp_v3/behavior_tree.h: In instantiation of â€˜[01m[KBT::NodeType BT::getType() [with T = patrolling_example::Move][m[Kâ€™:
[7.717s] [01m[K/opt/ros/humble/include/behaviortree_cpp_v3/bt_factory.h:81:21:[m[K   required from â€˜[01m[KBT::TreeNodeManifest BT::CreateManifest(const string&, BT::PortsList) [with T = patrolling_example::Move; std::string = std::__cxx11::basic_string<char>; BT::PortsList = std::unordered_map<std::__cxx11::basic_string<char>, BT::PortInfo>][m[Kâ€™
[7.718s] [01m[K/opt/ros/humble/include/behaviortree_cpp_v3/bt_factory.h:269:38:[m[K   required from â€˜[01m[Kvoid BT::BehaviorTreeFactory::registerBuilder(const string&, const NodeBuilder&) [with T = patrolling_example::Move; std::string = std::__cxx11::basic_string<char>; BT::NodeBuilder = std::function<std::unique_ptr<BT::TreeNode>(const std::__cxx11::basic_string<char>&, const BT::NodeConfiguration&)>][m[Kâ€™
[7.718s] [01m[K/home/omartinez/gsoc2023-jderobot/ros2_challenge/src/patrolling_example/src/patrolling_example/Move.cpp:68:52:[m[K   required from here
[7.718s] [01m[K/opt/ros/humble/include/behaviortree_cpp_v3/behavior_tree.h:88:42:[m[K [01;31m[Kerror: [m[Kâ€˜[01m[Kvalue[m[Kâ€™ is not a member of â€˜[01m[Kstd::is_base_of<BT::ControlNode, patrolling_example::Move>[m[Kâ€™
[7.719s]    88 |     if( std::is_base_of<ControlNode, T>::[01;31m[Kvalue[m[K )           return NodeType::CONTROL;
[7.719s]       |                                          [01;31m[K^~~~~[m[K
[8.041s] gmake[2]: *** [CMakeFiles/move_bt_node.dir/build.make:76: CMakeFiles/move_bt_node.dir/src/patrolling_example/Move.cpp.o] Error 1
[8.042s] gmake[1]: *** [CMakeFiles/Makefile2:199: CMakeFiles/move_bt_node.dir/all] Error 2
[8.042s] gmake[1]: *** Waiting for unfinished jobs....
[8.746s] [ 66%] [32m[1mLinking CXX executable patrolling_example[0m
[8.832s] gmake[2]: *** [CMakeFiles/location_bt_node.dir/build.make:76: CMakeFiles/location_bt_node.dir/src/patrolling_example/Location.cpp.o] Error 1
[8.832s] gmake[1]: *** [CMakeFiles/Makefile2:173: CMakeFiles/location_bt_node.dir/all] Error 2
[9.039s] [ 66%] Built target patrolling_example
[10.036s] [ 75%] [32m[1mLinking CXX shared library libget_waypoint_bt_node.so[0m
[10.289s] [ 75%] Built target get_waypoint_bt_node
[17.072s] [ 83%] [32m[1mLinking CXX shared library libbattery_checker_bt_node.so[0m
[17.784s] [ 83%] Built target battery_checker_bt_node
[17.786s] gmake: *** [Makefile:146: all] Error 2
[17.789s] Invoked command in '/home/omartinez/gsoc2023-jderobot/ros2_challenge/src/build/patrolling_example' returned '2': CMAKE_PREFIX_PATH=/opt/ros/humble /usr/bin/cmake --build /home/omartinez/gsoc2023-jderobot/ros2_challenge/src/build/patrolling_example -- -j8 -l8
